-------------------------------------------------------------------------------
Test set: TestWallet
-------------------------------------------------------------------------------
Tests run: 2, Failures: 1, Errors: 0, Skipped: 0, Time elapsed: 0.001 sec <<< FAILURE! - in TestWallet
testWithdrawAcceptableAmount(TestWallet)  Time elapsed: 0 sec  <<< FAILURE!
java.lang.AssertionError: Withdrawn == 50 expected:<50.0> but was:<0.0>
	at org.junit.Assert.fail(Assert.java:88)
	at org.junit.Assert.failNotEquals(Assert.java:743)
	at org.junit.Assert.assertEquals(Assert.java:494)
	at TestWallet.testWithdrawAcceptableAmount(TestWallet.java:26)

