# JRE version: Java(TM) SE Runtime Environment (8.0_05-b13) (build 1.8.0_05-b13)
# Java VM: Java HotSpot(TM) 64-Bit Server VM (25.5-b02 mixed mode bsd-amd64 compressed oops)
Heap:
 PSYoungGen      total 37376K, used 13581K [0x00000007aab00000, 0x00000007add80000, 0x00000007c0000000)
  eden space 32768K, 34% used [0x00000007aab00000,0x00000007ab5f1088,0x00000007acb00000)
  from space 4608K, 51% used [0x00000007acb00000,0x00000007acd526d0,0x00000007acf80000)
  to   space 5632K, 0% used [0x00000007ad800000,0x00000007ad800000,0x00000007add80000)
 ParOldGen       total 13312K, used 8817K [0x0000000780000000, 0x0000000780d00000, 0x00000007aab00000)
  object space 13312K, 66% used [0x0000000780000000,0x000000078089c598,0x0000000780d00000)
 Metaspace       used 25683K, capacity 25902K, committed 25984K, reserved 1071104K
  class space    used 3366K, capacity 3421K, committed 3456K, reserved 1048576K
GC Heap History (10 events):
Event: 1.880 GC heap before
{Heap before GC invocations=13 (full 0):
 PSYoungGen      total 23552K, used 22603K [0x00000007aab00000, 0x00000007ac500000, 0x00000007c0000000)
  eden space 20480K, 100% used [0x00000007aab00000,0x00000007abf00000,0x00000007abf00000)
  from space 3072K, 69% used [0x00000007ac200000,0x00000007ac412e18,0x00000007ac500000)
  to   space 3072K, 0% used [0x00000007abf00000,0x00000007abf00000,0x00000007ac200000)
 ParOldGen       total 64000K, used 4093K [0x0000000780000000, 0x0000000783e80000, 0x00000007aab00000)
  object space 64000K, 6% used [0x0000000780000000,0x00000007803ff798,0x0000000783e80000)
 Metaspace       used 18870K, capacity 19096K, committed 19200K, reserved 1067008K
  class space    used 2427K, capacity 2476K, committed 2560K, reserved 1048576K
Event: 1.887 GC heap after
Heap after GC invocations=13 (full 0):
 PSYoungGen      total 23552K, used 3069K [0x00000007aab00000, 0x00000007ad400000, 0x00000007c0000000)
  eden space 20480K, 0% used [0x00000007aab00000,0x00000007aab00000,0x00000007abf00000)
  from space 3072K, 99% used [0x00000007abf00000,0x00000007ac1ff790,0x00000007ac200000)
  to   space 4608K, 0% used [0x00000007acf80000,0x00000007acf80000,0x00000007ad400000)
 ParOldGen       total 64000K, used 6941K [0x0000000780000000, 0x0000000783e80000, 0x00000007aab00000)
  object space 64000K, 10% used [0x0000000780000000,0x00000007806c76c0,0x0000000783e80000)
 Metaspace       used 18870K, capacity 19096K, committed 19200K, reserved 1067008K
  class space    used 2427K, capacity 2476K, committed 2560K, reserved 1048576K
}
Event: 2.155 GC heap before
{Heap before GC invocations=14 (full 0):
 PSYoungGen      total 23552K, used 11358K [0x00000007aab00000, 0x00000007ad400000, 0x00000007c0000000)
  eden space 20480K, 40% used [0x00000007aab00000,0x00000007ab318400,0x00000007abf00000)
  from space 3072K, 99% used [0x00000007abf00000,0x00000007ac1ff790,0x00000007ac200000)
  to   space 4608K, 0% used [0x00000007acf80000,0x00000007acf80000,0x00000007ad400000)
 ParOldGen       total 64000K, used 6941K [0x0000000780000000, 0x0000000783e80000, 0x00000007aab00000)
  object space 64000K, 10% used [0x0000000780000000,0x00000007806c76c0,0x0000000783e80000)
 Metaspace       used 20974K, capacity 21120K, committed 21248K, reserved 1067008K
  class space    used 2686K, capacity 2736K, committed 2816K, reserved 1048576K
Event: 2.158 GC heap after
Heap after GC invocations=14 (full 0):
 PSYoungGen      total 37376K, used 1724K [0x00000007aab00000, 0x00000007ad400000, 0x00000007c0000000)
  eden space 32768K, 0% used [0x00000007aab00000,0x00000007aab00000,0x00000007acb00000)
  from space 4608K, 37% used [0x00000007acf80000,0x00000007ad12f040,0x00000007ad400000)
  to   space 4608K, 0% used [0x00000007acb00000,0x00000007acb00000,0x00000007acf80000)
 ParOldGen       total 64000K, used 7509K [0x0000000780000000, 0x0000000783e80000, 0x00000007aab00000)
  object space 64000K, 11% used [0x0000000780000000,0x00000007807556c0,0x0000000783e80000)
 Metaspace       used 20974K, capacity 21120K, committed 21248K, reserved 1067008K
  class space    used 2686K, capacity 2736K, committed 2816K, reserved 1048576K
}
Event: 2.158 GC heap before
{Heap before GC invocations=15 (full 1):
 PSYoungGen      total 37376K, used 1724K [0x00000007aab00000, 0x00000007ad400000, 0x00000007c0000000)
  eden space 32768K, 0% used [0x00000007aab00000,0x00000007aab00000,0x00000007acb00000)
  from space 4608K, 37% used [0x00000007acf80000,0x00000007ad12f040,0x00000007ad400000)
  to   space 4608K, 0% used [0x00000007acb00000,0x00000007acb00000,0x00000007acf80000)
 ParOldGen       total 64000K, used 7509K [0x0000000780000000, 0x0000000783e80000, 0x00000007aab00000)
  object space 64000K, 11% used [0x0000000780000000,0x00000007807556c0,0x0000000783e80000)
 Metaspace       used 20974K, capacity 21120K, committed 21248K, reserved 1067008K
  class space    used 2686K, capacity 2736K, committed 2816K, reserved 1048576K
Event: 2.215 GC heap after
Heap after GC invocations=15 (full 1):
 PSYoungGen      total 37376K, used 0K [0x00000007aab00000, 0x00000007ad400000, 0x00000007c0000000)
  eden space 32768K, 0% used [0x00000007aab00000,0x00000007aab00000,0x00000007acb00000)
  from space 4608K, 0% used [0x00000007acf80000,0x00000007acf80000,0x00000007ad400000)
  to   space 4608K, 0% used [0x00000007acb00000,0x00000007acb00000,0x00000007acf80000)
 ParOldGen       total 9216K, used 6334K [0x0000000780000000, 0x0000000780900000, 0x00000007aab00000)
  object space 9216K, 68% used [0x0000000780000000,0x000000078062f820,0x0000000780900000)
 Metaspace       used 20974K, capacity 21120K, committed 21248K, reserved 1067008K
  class space    used 2686K, capacity 2736K, committed 2816K, reserved 1048576K
}
Event: 2.950 GC heap before
{Heap before GC invocations=16 (full 1):
 PSYoungGen      total 37376K, used 32768K [0x00000007aab00000, 0x00000007ad400000, 0x00000007c0000000)
  eden space 32768K, 100% used [0x00000007aab00000,0x00000007acb00000,0x00000007acb00000)
  from space 4608K, 0% used [0x00000007acf80000,0x00000007acf80000,0x00000007ad400000)
  to   space 4608K, 0% used [0x00000007acb00000,0x00000007acb00000,0x00000007acf80000)
 ParOldGen       total 9216K, used 6334K [0x0000000780000000, 0x0000000780900000, 0x00000007aab00000)
  object space 9216K, 68% used [0x0000000780000000,0x000000078062f820,0x0000000780900000)
 Metaspace       used 25107K, capacity 25378K, committed 25728K, reserved 1071104K
  class space    used 3286K, capacity 3355K, committed 3456K, reserved 1048576K
Event: 2.960 GC heap after
Heap after GC invocations=16 (full 1):
 PSYoungGen      total 37376K, used 4602K [0x00000007aab00000, 0x00000007add80000, 0x00000007c0000000)
  eden space 32768K, 0% used [0x00000007aab00000,0x00000007aab00000,0x00000007acb00000)
  from space 4608K, 99% used [0x00000007acb00000,0x00000007acf7e980,0x00000007acf80000)
  to   space 5632K, 0% used [0x00000007ad800000,0x00000007ad800000,0x00000007add80000)
 ParOldGen       total 9216K, used 7903K [0x0000000780000000, 0x0000000780900000, 0x00000007aab00000)
  object space 9216K, 85% used [0x0000000780000000,0x00000007807b7c88,0x0000000780900000)
 Metaspace       used 25107K, capacity 25378K, committed 25728K, reserved 1071104K
  class space    used 3286K, capacity 3355K, committed 3456K, reserved 1048576K
}
Event: 2.960 GC heap before
{Heap before GC invocations=17 (full 2):
 PSYoungGen      total 37376K, used 4602K [0x00000007aab00000, 0x00000007add80000, 0x00000007c0000000)
  eden space 32768K, 0% used [0x00000007aab00000,0x00000007aab00000,0x00000007acb00000)
  from space 4608K, 99% used [0x00000007acb00000,0x00000007acf7e980,0x00000007acf80000)
  to   space 5632K, 0% used [0x00000007ad800000,0x00000007ad800000,0x00000007add80000)
 ParOldGen       total 9216K, used 7903K [0x0000000780000000, 0x0000000780900000, 0x00000007aab00000)
  object space 9216K, 85% used [0x0000000780000000,0x00000007807b7c88,0x0000000780900000)
 Metaspace       used 25107K, capacity 25378K, committed 25728K, reserved 1071104K
  class space    used 3286K, capacity 3355K, committed 3456K, reserved 1048576K
Event: 3.072 GC heap after
Heap after GC invocations=17 (full 2):
 PSYoungGen      total 37376K, used 2377K [0x00000007aab00000, 0x00000007add80000, 0x00000007c0000000)
  eden space 32768K, 0% used [0x00000007aab00000,0x00000007aab00000,0x00000007acb00000)
  from space 4608K, 51% used [0x00000007acb00000,0x00000007acd526d0,0x00000007acf80000)
  to   space 5632K, 0% used [0x00000007ad800000,0x00000007ad800000,0x00000007add80000)
 ParOldGen       total 13312K, used 8817K [0x0000000780000000, 0x0000000780d00000, 0x00000007aab00000)
  object space 13312K, 66% used [0x0000000780000000,0x000000078089c598,0x0000000780d00000)
 Metaspace       used 25107K, capacity 25378K, committed 25728K, reserved 1071104K
  class space    used 3286K, capacity 3355K, committed 3456K, reserved 1048576K
}

